folioreader/build/outputs/logs/manifest-merger-debug-report.txt
-- Merging decision tree log ---
manifest
ADDED from Bookflix\folioreader\AndroidManifest.xml:2:1-20:12
INJECTED from Bookflix\folioreader\AndroidManifest.xml:2:1-20:12
INJECTED from Bookflix\folioreader\AndroidManifest.xml:2:1-20:12
INJECTED from Bookflix\folioreader\AndroidManifest.xml:2:1-20:12
INJECTED from Bookflix\folioreader\AndroidManifest.xml:2:1-20:12
INJECTED from Bookflix\folioreader\AndroidManifest.xml:2:1-20:12
INJECTED from Bookflix\folioreader\AndroidManifest.xml:2:1-20:12
	package
		ADDED from Bookflix\folioreader\AndroidManifest.xml:3:5-30
		INJECTED from Bookflix\folioreader\AndroidManifest.xml
		INJECTED from Bookflix\folioreader\AndroidManifest.xml
	android:versionName
		INJECTED from Bookflix\folioreader\AndroidManifest.xml
		ADDED from Bookflix\folioreader\AndroidManifest.xml:2:1-20:12
		INJECTED from Bookflix\folioreader\AndroidManifest.xml
	android:versionCode
		INJECTED from Bookflix\folioreader\AndroidManifest.xml
		ADDED from Bookflix\folioreader\AndroidManifest.xml:2:1-20:12
		INJECTED from Bookflix\folioreader\AndroidManifest.xml
	xmlns:android
		ADDED from Bookflix\folioreader\AndroidManifest.xml:2:11-69
application
ADDED from Bookflix\folioreader\AndroidManifest.xml:5:5-15:19
activity#com.folioreader.ui.folio.activity.ContentHighlightActivity
ADDED from Bookflix\folioreader\AndroidManifest.xml:7:9-80
	android:name
		ADDED from Bookflix\folioreader\AndroidManifest.xml:7:19-77
activity#com.folioreader.ui.folio.activity.FolioActivity
ADDED from Bookflix\folioreader\AndroidManifest.xml:9:9-13:15
	android:configChanges
		ADDED from Bookflix\folioreader\AndroidManifest.xml:11:13-59
	android:theme
		ADDED from Bookflix\folioreader\AndroidManifest.xml:12:13-56
	android:name
		ADDED from Bookflix\folioreader\AndroidManifest.xml:10:13-75
uses-sdk
INJECTED from Bookflix\folioreader\AndroidManifest.xml reason: use-sdk injection requested
INJECTED from Bookflix\folioreader\AndroidManifest.xml
INJECTED from Bookflix\folioreader\AndroidManifest.xml
INJECTED from Bookflix\folioreader\AndroidManifest.xml
INJECTED from Bookflix\folioreader\AndroidManifest.xml
	android:targetSdkVersion
		INJECTED from Bookflix\folioreader\AndroidManifest.xml
		ADDED from Bookflix\folioreader\AndroidManifest.xml
		INJECTED from Bookflix\folioreader\AndroidManifest.xml
	android:minSdkVersion
		INJECTED from Bookflix\folioreader\AndroidManifest.xml
		ADDED from Bookflix\folioreader\AndroidManifest.xml
		INJECTED from Bookflix\folioreader\AndroidManifest.xml